2024-05-09 13:54:19 error: [GET] /users/plans/cus_Q2oW1HioRc0q03 >> StatusCode:: 401, Message:: missing token
2024-05-09 17:32:19 error: [GET] /users/cus_Q4jLLTfK2vPndr >> StatusCode:: 401, Message:: missing token
2024-05-09 18:39:02 error: [GET] /users/cus_Q4kQ2vSAYTAenU >> StatusCode:: 401, Message:: missing token
2024-05-09 18:40:14 error: uncaughtException: Invalid integer: NaN
Error: Invalid integer: NaN
    at Function.generate (/Users/gk/Documents/feetflight/node_modules/stripe/cjs/Error.js:10:20)
    at res.toJSON.then.Error_js_1.StripeAPIError.message (/Users/gk/Documents/feetflight/node_modules/stripe/cjs/RequestSender.js:105:54)
    at processTicksAndRejections (node:internal/process/task_queues:95:5)
2024-05-09 18:40:34 error: uncaughtException: Invalid integer: NaN
Error: Invalid integer: NaN
    at Function.generate (/Users/gk/Documents/feetflight/node_modules/stripe/cjs/Error.js:10:20)
    at res.toJSON.then.Error_js_1.StripeAPIError.message (/Users/gk/Documents/feetflight/node_modules/stripe/cjs/RequestSender.js:105:54)
    at processTicksAndRejections (node:internal/process/task_queues:95:5)
2024-05-09 18:41:06 error: uncaughtException: Invalid integer: NaN
Error: Invalid integer: NaN
    at Function.generate (/Users/gk/Documents/feetflight/node_modules/stripe/cjs/Error.js:10:20)
    at res.toJSON.then.Error_js_1.StripeAPIError.message (/Users/gk/Documents/feetflight/node_modules/stripe/cjs/RequestSender.js:105:54)
    at processTicksAndRejections (node:internal/process/task_queues:95:5)
2024-05-09 18:42:35 error: uncaughtException: Invalid integer: NaN
Error: Invalid integer: NaN
    at Function.generate (/Users/gk/Documents/feetflight/node_modules/stripe/cjs/Error.js:10:20)
    at res.toJSON.then.Error_js_1.StripeAPIError.message (/Users/gk/Documents/feetflight/node_modules/stripe/cjs/RequestSender.js:105:54)
    at processTicksAndRejections (node:internal/process/task_queues:95:5)
2024-05-09 18:45:49 error: [PUT] /sellers/plans >> StatusCode:: 401, Message:: missing token
2024-05-09 18:45:51 error: uncaughtException: Invalid integer: NaN
Error: Invalid integer: NaN
    at Function.generate (/Users/gk/Documents/feetflight/node_modules/stripe/cjs/Error.js:10:20)
    at res.toJSON.then.Error_js_1.StripeAPIError.message (/Users/gk/Documents/feetflight/node_modules/stripe/cjs/RequestSender.js:105:54)
    at processTicksAndRejections (node:internal/process/task_queues:95:5)
2024-05-09 19:57:31 error: uncaughtException: Invalid integer: NaN
Error: Invalid integer: NaN
    at Function.generate (/Users/gk/Documents/feetflight/node_modules/stripe/cjs/Error.js:10:20)
    at res.toJSON.then.Error_js_1.StripeAPIError.message (/Users/gk/Documents/feetflight/node_modules/stripe/cjs/RequestSender.js:105:54)
    at processTicksAndRejections (node:internal/process/task_queues:95:5)
2024-05-09 20:12:23 error: [GET] /users/plans/cus_Q2oW1HioRc0q03 >> StatusCode:: 401, Message:: missing token
