2024-04-18 11:53:07 error: uncaughtException: тип Unable to compile TypeScript:
[96msrc/services/seller.service.ts[0m:[93m201[0m:[93m9[0m - [91merror[0m[90m TS1109: [0mExpression expected.

[7m201[0m         }),
[7m   [0m [91m        ~[0m

TSError: тип Unable to compile TypeScript:
[96msrc/services/seller.service.ts[0m:[93m201[0m:[93m9[0m - [91merror[0m[90m TS1109: [0mExpression expected.

[7m201[0m         }),
[7m   [0m [91m        ~[0m

    at createTSError (/Users/gk/Documents/feetflight/node_modules/ts-node/src/index.ts:859:12)
    at reportTSError (/Users/gk/Documents/feetflight/node_modules/ts-node/src/index.ts:863:19)
    at /Users/gk/Documents/feetflight/node_modules/ts-node/src/index.ts:1379:34
    at Object.compile (/Users/gk/Documents/feetflight/node_modules/ts-node/src/index.ts:1458:13)
    at Module.m._compile (/Users/gk/Documents/feetflight/node_modules/ts-node/src/index.ts:1617:30)
    at Module._extensions..js (node:internal/modules/cjs/loader:1310:10)
    at Object.require.extensions.<computed> [as .ts] (/Users/gk/Documents/feetflight/node_modules/ts-node/src/index.ts:1621:12)
    at Module.load (node:internal/modules/cjs/loader:1119:32)
    at Function.Module._load (node:internal/modules/cjs/loader:960:12)
    at Module.require (node:internal/modules/cjs/loader:1143:19)
2024-04-18 13:00:37 error: [GET] /sellers >> StatusCode:: 401, Message:: missing token
2024-04-18 15:03:42 error: [GET] /users/cus_PvTUMZ8OOvcw4N >> StatusCode:: 401, Message:: missing token
2024-04-18 15:29:34 error: uncaughtException: Route.post() requires a callback function but got a [object Undefined]
Error: Route.post() requires a callback function but got a [object Undefined]
    at Route.<computed> [as post] (/Users/gk/Documents/feetflight/node_modules/express/lib/router/route.js:211:15)
    at Function.proto.<computed> [as post] (/Users/gk/Documents/feetflight/node_modules/express/lib/router/index.js:521:19)
    at UsersRoute.initializeRoutes (/Users/gk/Documents/feetflight/src/routes/users.route.ts:23:17)
    at new UsersRoute (/Users/gk/Documents/feetflight/src/routes/users.route.ts:15:10)
    at Object.<anonymous> (/Users/gk/Documents/feetflight/src/server.ts:14:40)
    at Module._compile (node:internal/modules/cjs/loader:1256:14)
    at Module.m._compile (/Users/gk/Documents/feetflight/node_modules/ts-node/src/index.ts:1618:23)
    at Module._extensions..js (node:internal/modules/cjs/loader:1310:10)
    at Object.require.extensions.<computed> [as .ts] (/Users/gk/Documents/feetflight/node_modules/ts-node/src/index.ts:1621:12)
    at Module.load (node:internal/modules/cjs/loader:1119:32)
2024-04-18 15:30:19 error: uncaughtException: Route.post() requires a callback function but got a [object Undefined]
Error: Route.post() requires a callback function but got a [object Undefined]
    at Route.<computed> [as post] (/Users/gk/Documents/feetflight/node_modules/express/lib/router/route.js:211:15)
    at Function.proto.<computed> [as post] (/Users/gk/Documents/feetflight/node_modules/express/lib/router/index.js:521:19)
    at UsersRoute.initializeRoutes (/Users/gk/Documents/feetflight/src/routes/users.route.ts:23:17)
    at new UsersRoute (/Users/gk/Documents/feetflight/src/routes/users.route.ts:15:10)
    at Object.<anonymous> (/Users/gk/Documents/feetflight/src/server.ts:14:40)
    at Module._compile (node:internal/modules/cjs/loader:1256:14)
    at Module.m._compile (/Users/gk/Documents/feetflight/node_modules/ts-node/src/index.ts:1618:23)
    at Module._extensions..js (node:internal/modules/cjs/loader:1310:10)
    at Object.require.extensions.<computed> [as .ts] (/Users/gk/Documents/feetflight/node_modules/ts-node/src/index.ts:1621:12)
    at Module.load (node:internal/modules/cjs/loader:1119:32)
