2024-01-11 15:50:40 error: [GET] /users/generateOtp >> StatusCode:: 401, Message:: missing token
2024-01-11 21:19:50 error: [POST] /users/verifyOtp >> StatusCode:: 500, Message:: this.userService.verifyOtp is not a function
2024-01-11 21:20:05 error: uncaughtException: тип Unable to compile TypeScript:
[96msrc/services/users.service.ts[0m:[93m237[0m:[93m47[0m - [91merror[0m[90m TS1005: [0m'=>' expected.

[7m237[0m   public verifyOtp = async (otpSettings: any) {
[7m   [0m [91m                                              ~[0m

TSError: тип Unable to compile TypeScript:
[96msrc/services/users.service.ts[0m:[93m237[0m:[93m47[0m - [91merror[0m[90m TS1005: [0m'=>' expected.

[7m237[0m   public verifyOtp = async (otpSettings: any) {
[7m   [0m [91m                                              ~[0m

    at createTSError (C:\Users\mouad\Documents\Projects\feetflight\feetflight\node_modules\ts-node\src\index.ts:859:12)
    at reportTSError (C:\Users\mouad\Documents\Projects\feetflight\feetflight\node_modules\ts-node\src\index.ts:863:19)
    at C:\Users\mouad\Documents\Projects\feetflight\feetflight\node_modules\ts-node\src\index.ts:1379:34
    at Object.compile (C:\Users\mouad\Documents\Projects\feetflight\feetflight\node_modules\ts-node\src\index.ts:1458:13)
    at Module.m._compile (C:\Users\mouad\Documents\Projects\feetflight\feetflight\node_modules\ts-node\src\index.ts:1617:30)
    at Module._extensions..js (node:internal/modules/cjs/loader:1310:10)
    at Object.require.extensions.<computed> [as .ts] (C:\Users\mouad\Documents\Projects\feetflight\feetflight\node_modules\ts-node\src\index.ts:1621:12)
    at Module.load (node:internal/modules/cjs/loader:1119:32)
    at Function.Module._load (node:internal/modules/cjs/loader:960:12)
    at Module.require (node:internal/modules/cjs/loader:1143:19)
